
  .   ____          _            __ _ _
 /\\ / ___'_ __ _ _(_)_ __  __ _ \ \ \ \
( ( )\___ | '_ | '_| | '_ \/ _` | \ \ \ \
 \\/  ___)| |_)| | | | | || (_| |  ) ) ) )
  '  |____| .__|_| |_|_| |_\__, | / / / /
 =========|_|==============|___/=/_/_/_/
 :: Spring Boot ::                (v3.2.0)

2025-08-19 11:05:17 - Starting AnketApplication v1.0.0 using Java 17.0.12 with PID 91407 (/Users/umuthasansahin/Desktop/anket/backend/target/anket-backend-1.0.0.jar started by umuthasansahin in /Users/umuthasansahin/Desktop/anket/backend)
2025-08-19 11:05:17 - Running with Spring Boot v3.2.0, Spring v6.1.1
2025-08-19 11:05:17 - No active profile set, falling back to 1 default profile: "default"
2025-08-19 11:05:17 - Bootstrapping Spring Data JPA repositories in DEFAULT mode.
2025-08-19 11:05:17 - Finished Spring Data repository scanning in 28 ms. Found 2 JPA repository interfaces.
2025-08-19 11:05:18 - Tomcat initialized with port 8080 (http)
2025-08-19 11:05:18 - Starting service [Tomcat]
2025-08-19 11:05:18 - Starting Servlet engine: [Apache Tomcat/10.1.16]
2025-08-19 11:05:18 - Initializing Spring embedded WebApplicationContext
2025-08-19 11:05:18 - Root WebApplicationContext: initialization completed in 945 ms
2025-08-19 11:05:18 - HikariPool-1 - Starting...
2025-08-19 11:05:18 - HikariPool-1 - Added connection conn0: url=jdbc:h2:mem:anket_db user=SA
2025-08-19 11:05:18 - HikariPool-1 - Start completed.
2025-08-19 11:05:18 - H2 console available at '/h2-console'. Database available at 'jdbc:h2:mem:anket_db'
2025-08-19 11:05:18 - HHH000204: Processing PersistenceUnitInfo [name: default]
2025-08-19 11:05:18 - HHH000412: Hibernate ORM core version 6.3.1.Final
2025-08-19 11:05:18 - HHH000026: Second-level cache disabled
2025-08-19 11:05:18 - No LoadTimeWeaver setup: ignoring JPA class transformer
2025-08-19 11:05:18 - HHH90000025: H2Dialect does not need to be specified explicitly using 'hibernate.dialect' (remove the property setting and it will be selected by default)
2025-08-19 11:05:19 - HHH000489: No JTA platform available (set 'hibernate.transaction.jta.platform' to enable JTA platform integration)
2025-08-19 11:05:19 - 
    create table options (
        id bigint generated by default as identity,
        created_date timestamp(6),
        is_active boolean not null,
        last_modified_date timestamp(6),
        description varchar(300),
        is_correct boolean not null,
        option_label varchar(5),
        option_text varchar(200) not null,
        order_index integer not null,
        question_id bigint not null,
        primary key (id)
    )
Hibernate: 
    create table options (
        id bigint generated by default as identity,
        created_date timestamp(6),
        is_active boolean not null,
        last_modified_date timestamp(6),
        description varchar(300),
        is_correct boolean not null,
        option_label varchar(5),
        option_text varchar(200) not null,
        order_index integer not null,
        question_id bigint not null,
        primary key (id)
    )
2025-08-19 11:05:19 - 
    create table questions (
        id bigint generated by default as identity,
        created_date timestamp(6),
        is_active boolean not null,
        last_modified_date timestamp(6),
        description varchar(300),
        is_required boolean not null,
        order_index integer not null,
        question_text varchar(500) not null,
        question_type varchar(255) not null check (question_type in ('MULTIPLE_CHOICE','MULTIPLE_SELECT','TEXT_INPUT','NUMERIC_INPUT','RATING_SCALE')),
        survey_id bigint not null,
        primary key (id)
    )
Hibernate: 
    create table questions (
        id bigint generated by default as identity,
        created_date timestamp(6),
        is_active boolean not null,
        last_modified_date timestamp(6),
        description varchar(300),
        is_required boolean not null,
        order_index integer not null,
        question_text varchar(500) not null,
        question_type varchar(255) not null check (question_type in ('MULTIPLE_CHOICE','MULTIPLE_SELECT','TEXT_INPUT','NUMERIC_INPUT','RATING_SCALE')),
        survey_id bigint not null,
        primary key (id)
    )
2025-08-19 11:05:19 - 
    create table responses (
        id bigint generated by default as identity,
        created_date timestamp(6),
        is_active boolean not null,
        last_modified_date timestamp(6),
        ip_address varchar(45),
        numeric_response float(53),
        response_date timestamp(6) not null,
        session_id varchar(100),
        text_response varchar(1000),
        user_agent varchar(500),
        question_id bigint not null,
        selected_option_id bigint,
        survey_id bigint not null,
        user_id bigint,
        primary key (id)
    )
Hibernate: 
    create table responses (
        id bigint generated by default as identity,
        created_date timestamp(6),
        is_active boolean not null,
        last_modified_date timestamp(6),
        ip_address varchar(45),
        numeric_response float(53),
        response_date timestamp(6) not null,
        session_id varchar(100),
        text_response varchar(1000),
        user_agent varchar(500),
        question_id bigint not null,
        selected_option_id bigint,
        survey_id bigint not null,
        user_id bigint,
        primary key (id)
    )
2025-08-19 11:05:19 - 
    create table surveys (
        id bigint generated by default as identity,
        created_date timestamp(6),
        is_active boolean not null,
        last_modified_date timestamp(6),
        allow_multiple_responses boolean not null,
        description varchar(1000),
        end_date timestamp(6),
        is_anonymous boolean not null,
        start_date timestamp(6),
        status varchar(255) not null check (status in ('DRAFT','ACTIVE','CLOSED')),
        title varchar(200) not null,
        creator_id bigint not null,
        primary key (id)
    )
Hibernate: 
    create table surveys (
        id bigint generated by default as identity,
        created_date timestamp(6),
        is_active boolean not null,
        last_modified_date timestamp(6),
        allow_multiple_responses boolean not null,
        description varchar(1000),
        end_date timestamp(6),
        is_anonymous boolean not null,
        start_date timestamp(6),
        status varchar(255) not null check (status in ('DRAFT','ACTIVE','CLOSED')),
        title varchar(200) not null,
        creator_id bigint not null,
        primary key (id)
    )
2025-08-19 11:05:19 - 
    create table users (
        id bigint generated by default as identity,
        created_date timestamp(6),
        is_active boolean not null,
        last_modified_date timestamp(6),
        email varchar(100) not null,
        first_name varchar(50) not null,
        last_name varchar(50) not null,
        password varchar(255) not null,
        role varchar(255) not null check (role in ('USER','ADMIN')),
        primary key (id)
    )
Hibernate: 
    create table users (
        id bigint generated by default as identity,
        created_date timestamp(6),
        is_active boolean not null,
        last_modified_date timestamp(6),
        email varchar(100) not null,
        first_name varchar(50) not null,
        last_name varchar(50) not null,
        password varchar(255) not null,
        role varchar(255) not null check (role in ('USER','ADMIN')),
        primary key (id)
    )
2025-08-19 11:05:19 - 
    alter table if exists users 
       drop constraint if exists UK_6dotkott2kjsp8vw4d0m25fb7
Hibernate: 
    alter table if exists users 
       drop constraint if exists UK_6dotkott2kjsp8vw4d0m25fb7
2025-08-19 11:05:19 - 
    alter table if exists users 
       add constraint UK_6dotkott2kjsp8vw4d0m25fb7 unique (email)
Hibernate: 
    alter table if exists users 
       add constraint UK_6dotkott2kjsp8vw4d0m25fb7 unique (email)
2025-08-19 11:05:19 - 
    alter table if exists options 
       add constraint FK5bmv46so2y5igt9o9n9w4fh6y 
       foreign key (question_id) 
       references questions
Hibernate: 
    alter table if exists options 
       add constraint FK5bmv46so2y5igt9o9n9w4fh6y 
       foreign key (question_id) 
       references questions
2025-08-19 11:05:19 - 
    alter table if exists questions 
       add constraint FKnf38uiy78c0g0tmo68btk3y0p 
       foreign key (survey_id) 
       references surveys
Hibernate: 
    alter table if exists questions 
       add constraint FKnf38uiy78c0g0tmo68btk3y0p 
       foreign key (survey_id) 
       references surveys
2025-08-19 11:05:19 - 
    alter table if exists responses 
       add constraint FKrln3foyudvklybbdl1r5dmjvy 
       foreign key (question_id) 
       references questions
Hibernate: 
    alter table if exists responses 
       add constraint FKrln3foyudvklybbdl1r5dmjvy 
       foreign key (question_id) 
       references questions
2025-08-19 11:05:19 - 
    alter table if exists responses 
       add constraint FKod6laf0uvo4yrodaffgw94npl 
       foreign key (selected_option_id) 
       references options
Hibernate: 
    alter table if exists responses 
       add constraint FKod6laf0uvo4yrodaffgw94npl 
       foreign key (selected_option_id) 
       references options
2025-08-19 11:05:19 - 
    alter table if exists responses 
       add constraint FKemug20qu5fygiy69wj7sel8hc 
       foreign key (survey_id) 
       references surveys
Hibernate: 
    alter table if exists responses 
       add constraint FKemug20qu5fygiy69wj7sel8hc 
       foreign key (survey_id) 
       references surveys
2025-08-19 11:05:19 - 
    alter table if exists responses 
       add constraint FKqf8rt9h0wd5pmaxouhxqsoeuq 
       foreign key (user_id) 
       references users
Hibernate: 
    alter table if exists responses 
       add constraint FKqf8rt9h0wd5pmaxouhxqsoeuq 
       foreign key (user_id) 
       references users
2025-08-19 11:05:19 - 
    alter table if exists surveys 
       add constraint FKmhdag0nvyijsstepqla40tc6b 
       foreign key (creator_id) 
       references users
Hibernate: 
    alter table if exists surveys 
       add constraint FKmhdag0nvyijsstepqla40tc6b 
       foreign key (creator_id) 
       references users
2025-08-19 11:05:19 - Initialized JPA EntityManagerFactory for persistence unit 'default'
2025-08-19 11:05:19 - Hibernate is in classpath; If applicable, HQL parser will be used.
2025-08-19 11:05:19 - Filter 'jwtAuthenticationFilter' configured for use
2025-08-19 11:05:19 - spring.jpa.open-in-view is enabled by default. Therefore, database queries may be performed during view rendering. Explicitly configure spring.jpa.open-in-view to disable this warning
2025-08-19 11:05:20 - Will secure any request with [org.springframework.security.web.session.DisableEncodeUrlFilter@5e57149f, org.springframework.security.web.context.request.async.WebAsyncManagerIntegrationFilter@737fd68, org.springframework.security.web.context.SecurityContextHolderFilter@6fe73630, org.springframework.security.web.header.HeaderWriterFilter@6ec05499, org.springframework.web.filter.CorsFilter@7e1b750e, org.springframework.security.web.authentication.logout.LogoutFilter@3269e790, com.anket.security.JwtAuthenticationFilter@791ff1b9, org.springframework.security.web.savedrequest.RequestCacheAwareFilter@1a212395, org.springframework.security.web.servletapi.SecurityContextHolderAwareRequestFilter@c2e9e33, org.springframework.security.web.authentication.AnonymousAuthenticationFilter@5f385ee9, org.springframework.security.web.session.SessionManagementFilter@72842269, org.springframework.security.web.access.ExceptionTranslationFilter@6fd33f5a, org.springframework.security.web.access.intercept.AuthorizationFilter@6ae67bf6]
2025-08-19 11:05:20 - Exception encountered during context initialization - cancelling refresh attempt: org.springframework.context.ApplicationContextException: Failed to start bean 'webServerStartStop'
2025-08-19 11:05:20 - Closing JPA EntityManagerFactory for persistence unit 'default'
2025-08-19 11:05:20 - HikariPool-1 - Shutdown initiated...
2025-08-19 11:05:20 - HikariPool-1 - Shutdown completed.
2025-08-19 11:05:20 - 

Error starting ApplicationContext. To display the condition evaluation report re-run your application with 'debug' enabled.
2025-08-19 11:05:20 - 

***************************
APPLICATION FAILED TO START
***************************

Description:

Web server failed to start. Port 8080 was already in use.

Action:

Identify and stop the process that's listening on port 8080 or configure this application to listen on another port.

