WARNING: A terminally deprecated method in sun.misc.Unsafe has been called
WARNING: sun.misc.Unsafe::staticFieldBase has been called by com.google.inject.internal.aop.HiddenClassDefiner (file:/opt/homebrew/Cellar/maven/3.9.11/libexec/lib/guice-5.1.0-classes.jar)
WARNING: Please consider reporting this to the maintainers of class com.google.inject.internal.aop.HiddenClassDefiner
WARNING: sun.misc.Unsafe::staticFieldBase will be removed in a future release
[INFO] Scanning for projects...
[INFO] 
[INFO] ----------------------< com.anket:anket-backend >-----------------------
[INFO] Building Anket Backend 1.0.0
[INFO]   from pom.xml
[INFO] --------------------------------[ jar ]---------------------------------
[INFO] 
[INFO] >>> spring-boot:3.2.0:run (default-cli) > test-compile @ anket-backend >>>
[INFO] 
[INFO] --- resources:3.3.1:resources (default-resources) @ anket-backend ---
[INFO] Copying 1 resource from src/main/resources to target/classes
[INFO] Copying 0 resource from src/main/resources to target/classes
[INFO] 
[INFO] --- compiler:3.11.0:compile (default-compile) @ anket-backend ---
[INFO] Nothing to compile - all classes are up to date
[INFO] 
[INFO] --- resources:3.3.1:testResources (default-testResources) @ anket-backend ---
[INFO] skip non existing resourceDirectory /Users/umuthasansahin/Desktop/anket/backend/src/test/resources
[INFO] 
[INFO] --- compiler:3.11.0:testCompile (default-testCompile) @ anket-backend ---
[INFO] No sources to compile
[INFO] 
[INFO] <<< spring-boot:3.2.0:run (default-cli) < test-compile @ anket-backend <<<
[INFO] 
[INFO] 
[INFO] --- spring-boot:3.2.0:run (default-cli) @ anket-backend ---
[INFO] Attaching agents: []

  .   ____          _            __ _ _
 /\\ / ___'_ __ _ _(_)_ __  __ _ \ \ \ \
( ( )\___ | '_ | '_| | '_ \/ _` | \ \ \ \
 \\/  ___)| |_)| | | | | || (_| |  ) ) ) )
  '  |____| .__|_| |_|_| |_\__, | / / / /
 =========|_|==============|___/=/_/_/_/
[32m :: Spring Boot :: [39m              [2m (v3.2.0)[0;39m

2025-08-30 12:54:31 - Starting AnketApplication using Java 24.0.1 with PID 62594 (/Users/umuthasansahin/Desktop/anket/backend/target/classes started by umuthasansahin in /Users/umuthasansahin/Desktop/anket/backend)
2025-08-30 12:54:31 - Running with Spring Boot v3.2.0, Spring v6.1.1
2025-08-30 12:54:31 - No active profile set, falling back to 1 default profile: "default"
2025-08-30 12:54:31 - Bootstrapping Spring Data JPA repositories in DEFAULT mode.
2025-08-30 12:54:31 - Finished Spring Data repository scanning in 26 ms. Found 5 JPA repository interfaces.
WARNING: A restricted method in java.lang.System has been called
WARNING: java.lang.System::load has been called by org.apache.tomcat.jni.Library in an unnamed module (file:/Users/umuthasansahin/.m2/repository/org/apache/tomcat/embed/tomcat-embed-core/10.1.16/tomcat-embed-core-10.1.16.jar)
WARNING: Use --enable-native-access=ALL-UNNAMED to avoid a warning for callers in this module
WARNING: Restricted methods will be blocked in a future release unless native access is enabled

2025-08-30 12:54:32 - Tomcat initialized with port 8080 (http)
2025-08-30 12:54:32 - Starting service [Tomcat]
2025-08-30 12:54:32 - Starting Servlet engine: [Apache Tomcat/10.1.16]
2025-08-30 12:54:32 - Initializing Spring embedded WebApplicationContext
2025-08-30 12:54:32 - Root WebApplicationContext: initialization completed in 700 ms
2025-08-30 12:54:32 - HHH000204: Processing PersistenceUnitInfo [name: default]
2025-08-30 12:54:32 - HHH000412: Hibernate ORM core version 6.3.1.Final
2025-08-30 12:54:32 - HHH000026: Second-level cache disabled
2025-08-30 12:54:32 - No LoadTimeWeaver setup: ignoring JPA class transformer
2025-08-30 12:54:32 - HikariPool-1 - Starting...
2025-08-30 12:54:32 - HikariPool-1 - Added connection org.postgresql.jdbc.PgConnection@6b6def36
2025-08-30 12:54:32 - HikariPool-1 - Start completed.
2025-08-30 12:54:32 - HHH90000025: PostgreSQLDialect does not need to be specified explicitly using 'hibernate.dialect' (remove the property setting and it will be selected by default)
2025-08-30 12:54:33 - HHH000489: No JTA platform available (set 'hibernate.transaction.jta.platform' to enable JTA platform integration)
2025-08-30 12:54:33 - Initialized JPA EntityManagerFactory for persistence unit 'default'
2025-08-30 12:54:33 - Hibernate is in classpath; If applicable, HQL parser will be used.
2025-08-30 12:54:33 - Filter 'jwtAuthenticationFilter' configured for use
2025-08-30 12:54:34 - spring.jpa.open-in-view is enabled by default. Therefore, database queries may be performed during view rendering. Explicitly configure spring.jpa.open-in-view to disable this warning
2025-08-30 12:54:34 - 50 mappings in 'requestMappingHandlerMapping'
2025-08-30 12:54:34 - Patterns [/webjars/**, /**] in 'resourceHandlerMapping'
2025-08-30 12:54:34 - Will secure any request with [org.springframework.security.web.session.DisableEncodeUrlFilter@4cb62aac, org.springframework.security.web.context.request.async.WebAsyncManagerIntegrationFilter@15f436d7, org.springframework.security.web.context.SecurityContextHolderFilter@75d9aae4, org.springframework.security.web.header.HeaderWriterFilter@78ca3d6b, org.springframework.web.filter.CorsFilter@13b9da00, org.springframework.security.web.authentication.logout.LogoutFilter@748ef9e, com.anket.security.JwtAuthenticationFilter@4cdc345f, org.springframework.security.web.savedrequest.RequestCacheAwareFilter@57321187, org.springframework.security.web.servletapi.SecurityContextHolderAwareRequestFilter@71303d2c, org.springframework.security.web.authentication.AnonymousAuthenticationFilter@42a327e, org.springframework.security.web.session.SessionManagementFilter@1215aae8, org.springframework.security.web.access.ExceptionTranslationFilter@28faece4, org.springframework.security.web.access.intercept.AuthorizationFilter@19a80673]
2025-08-30 12:54:34 - ControllerAdvice beans: 0 @ModelAttribute, 0 @InitBinder, 1 RequestBodyAdvice, 1 ResponseBodyAdvice
2025-08-30 12:54:34 - ControllerAdvice beans: 0 @ExceptionHandler, 1 ResponseBodyAdvice
2025-08-30 12:54:34 - Tomcat started on port 8080 (http) with context path '/api'
2025-08-30 12:54:34 - Started AnketApplication in 3.263 seconds (process running for 3.423)
🚀 Anket Uygulaması Başlatıldı! - Survey Application Started!
📊 API Endpoint: http://localhost:8080/api
🔒 Admin Panel: http://localhost:8080/api/admin
