WARNING: A terminally deprecated method in sun.misc.Unsafe has been called
WARNING: sun.misc.Unsafe::staticFieldBase has been called by com.google.inject.internal.aop.HiddenClassDefiner (file:/opt/homebrew/Cellar/maven/3.9.11/libexec/lib/guice-5.1.0-classes.jar)
WARNING: Please consider reporting this to the maintainers of class com.google.inject.internal.aop.HiddenClassDefiner
WARNING: sun.misc.Unsafe::staticFieldBase will be removed in a future release
[INFO] Scanning for projects...
[INFO] 
[INFO] ----------------------< com.anket:anket-backend >-----------------------
[INFO] Building Anket Backend 1.0.0
[INFO]   from pom.xml
[INFO] --------------------------------[ jar ]---------------------------------
[INFO] 
[INFO] >>> spring-boot:3.2.0:run (default-cli) > test-compile @ anket-backend >>>
[INFO] 
[INFO] --- resources:3.3.1:resources (default-resources) @ anket-backend ---
[INFO] Copying 1 resource from src/main/resources to target/classes
[INFO] Copying 0 resource from src/main/resources to target/classes
[INFO] 
[INFO] --- compiler:3.11.0:compile (default-compile) @ anket-backend ---
[INFO] Nothing to compile - all classes are up to date
[INFO] 
[INFO] --- resources:3.3.1:testResources (default-testResources) @ anket-backend ---
[INFO] skip non existing resourceDirectory /Users/umuthasansahin/Desktop/anket/backend/src/test/resources
[INFO] 
[INFO] --- compiler:3.11.0:testCompile (default-testCompile) @ anket-backend ---
[INFO] No sources to compile
[INFO] 
[INFO] <<< spring-boot:3.2.0:run (default-cli) < test-compile @ anket-backend <<<
[INFO] 
[INFO] 
[INFO] --- spring-boot:3.2.0:run (default-cli) @ anket-backend ---
[INFO] Attaching agents: []

  .   ____          _            __ _ _
 /\\ / ___'_ __ _ _(_)_ __  __ _ \ \ \ \
( ( )\___ | '_ | '_| | '_ \/ _` | \ \ \ \
 \\/  ___)| |_)| | | | | || (_| |  ) ) ) )
  '  |____| .__|_| |_|_| |_\__, | / / / /
 =========|_|==============|___/=/_/_/_/
[32m :: Spring Boot :: [39m              [2m (v3.2.0)[0;39m

2025-08-19 12:28:20 - Starting AnketApplication using Java 24.0.1 with PID 3268 (/Users/umuthasansahin/Desktop/anket/backend/target/classes started by umuthasansahin in /Users/umuthasansahin/Desktop/anket/backend)
2025-08-19 12:28:20 - Running with Spring Boot v3.2.0, Spring v6.1.1
2025-08-19 12:28:20 - No active profile set, falling back to 1 default profile: "default"
2025-08-19 12:28:21 - Bootstrapping Spring Data JPA repositories in DEFAULT mode.
2025-08-19 12:28:21 - Finished Spring Data repository scanning in 26 ms. Found 2 JPA repository interfaces.
WARNING: A restricted method in java.lang.System has been called
WARNING: java.lang.System::load has been called by org.apache.tomcat.jni.Library in an unnamed module (file:/Users/umuthasansahin/.m2/repository/org/apache/tomcat/embed/tomcat-embed-core/10.1.16/tomcat-embed-core-10.1.16.jar)
WARNING: Use --enable-native-access=ALL-UNNAMED to avoid a warning for callers in this module
WARNING: Restricted methods will be blocked in a future release unless native access is enabled

2025-08-19 12:28:21 - Tomcat initialized with port 8080 (http)
2025-08-19 12:28:21 - Starting service [Tomcat]
2025-08-19 12:28:21 - Starting Servlet engine: [Apache Tomcat/10.1.16]
2025-08-19 12:28:21 - Initializing Spring embedded WebApplicationContext
2025-08-19 12:28:21 - Root WebApplicationContext: initialization completed in 747 ms
2025-08-19 12:28:21 - HikariPool-1 - Starting...
2025-08-19 12:28:21 - HikariPool-1 - Added connection conn0: url=jdbc:h2:mem:anket_db user=SA
2025-08-19 12:28:21 - HikariPool-1 - Start completed.
2025-08-19 12:28:21 - H2 console available at '/h2-console'. Database available at 'jdbc:h2:mem:anket_db'
2025-08-19 12:28:21 - HHH000204: Processing PersistenceUnitInfo [name: default]
2025-08-19 12:28:21 - HHH000412: Hibernate ORM core version 6.3.1.Final
2025-08-19 12:28:21 - HHH000026: Second-level cache disabled
2025-08-19 12:28:21 - No LoadTimeWeaver setup: ignoring JPA class transformer
2025-08-19 12:28:21 - HHH90000025: H2Dialect does not need to be specified explicitly using 'hibernate.dialect' (remove the property setting and it will be selected by default)
2025-08-19 12:28:22 - HHH000489: No JTA platform available (set 'hibernate.transaction.jta.platform' to enable JTA platform integration)
2025-08-19 12:28:22 - 
    create table options (
        id bigint generated by default as identity,
        created_date timestamp(6),
        is_active boolean not null,
        last_modified_date timestamp(6),
        description varchar(300),
        is_correct boolean not null,
        option_label varchar(5),
        option_text varchar(200) not null,
        order_index integer not null,
        question_id bigint not null,
        primary key (id)
    )
Hibernate: 
    create table options (
        id bigint generated by default as identity,
        created_date timestamp(6),
        is_active boolean not null,
        last_modified_date timestamp(6),
        description varchar(300),
        is_correct boolean not null,
        option_label varchar(5),
        option_text varchar(200) not null,
        order_index integer not null,
        question_id bigint not null,
        primary key (id)
    )
2025-08-19 12:28:22 - 
    create table questions (
        id bigint generated by default as identity,
        created_date timestamp(6),
        is_active boolean not null,
        last_modified_date timestamp(6),
        description varchar(300),
        is_required boolean not null,
        order_index integer not null,
        question_text varchar(500) not null,
        question_type varchar(255) not null check (question_type in ('MULTIPLE_CHOICE','MULTIPLE_SELECT','TEXT_INPUT','NUMERIC_INPUT','RATING_SCALE')),
        survey_id bigint not null,
        primary key (id)
    )
Hibernate: 
    create table questions (
        id bigint generated by default as identity,
        created_date timestamp(6),
        is_active boolean not null,
        last_modified_date timestamp(6),
        description varchar(300),
        is_required boolean not null,
        order_index integer not null,
        question_text varchar(500) not null,
        question_type varchar(255) not null check (question_type in ('MULTIPLE_CHOICE','MULTIPLE_SELECT','TEXT_INPUT','NUMERIC_INPUT','RATING_SCALE')),
        survey_id bigint not null,
        primary key (id)
    )
2025-08-19 12:28:22 - 
    create table responses (
        id bigint generated by default as identity,
        created_date timestamp(6),
        is_active boolean not null,
        last_modified_date timestamp(6),
        ip_address varchar(45),
        numeric_response float(53),
        response_date timestamp(6) not null,
        session_id varchar(100),
        text_response varchar(1000),
        user_agent varchar(500),
        question_id bigint not null,
        selected_option_id bigint,
        survey_id bigint not null,
        user_id bigint,
        primary key (id)
    )
Hibernate: 
    create table responses (
        id bigint generated by default as identity,
        created_date timestamp(6),
        is_active boolean not null,
        last_modified_date timestamp(6),
        ip_address varchar(45),
        numeric_response float(53),
        response_date timestamp(6) not null,
        session_id varchar(100),
        text_response varchar(1000),
        user_agent varchar(500),
        question_id bigint not null,
        selected_option_id bigint,
        survey_id bigint not null,
        user_id bigint,
        primary key (id)
    )
2025-08-19 12:28:22 - 
    create table surveys (
        id bigint generated by default as identity,
        created_date timestamp(6),
        is_active boolean not null,
        last_modified_date timestamp(6),
        allow_multiple_responses boolean not null,
        description varchar(1000),
        end_date timestamp(6),
        is_anonymous boolean not null,
        start_date timestamp(6),
        status varchar(255) not null check (status in ('DRAFT','ACTIVE','CLOSED')),
        title varchar(200) not null,
        creator_id bigint not null,
        primary key (id)
    )
Hibernate: 
    create table surveys (
        id bigint generated by default as identity,
        created_date timestamp(6),
        is_active boolean not null,
        last_modified_date timestamp(6),
        allow_multiple_responses boolean not null,
        description varchar(1000),
        end_date timestamp(6),
        is_anonymous boolean not null,
        start_date timestamp(6),
        status varchar(255) not null check (status in ('DRAFT','ACTIVE','CLOSED')),
        title varchar(200) not null,
        creator_id bigint not null,
        primary key (id)
    )
2025-08-19 12:28:22 - 
    create table users (
        id bigint generated by default as identity,
        created_date timestamp(6),
        is_active boolean not null,
        last_modified_date timestamp(6),
        email varchar(100) not null,
        first_name varchar(50) not null,
        last_name varchar(50) not null,
        password varchar(255) not null,
        role varchar(255) not null check (role in ('USER','ADMIN')),
        primary key (id)
    )
Hibernate: 
    create table users (
        id bigint generated by default as identity,
        created_date timestamp(6),
        is_active boolean not null,
        last_modified_date timestamp(6),
        email varchar(100) not null,
        first_name varchar(50) not null,
        last_name varchar(50) not null,
        password varchar(255) not null,
        role varchar(255) not null check (role in ('USER','ADMIN')),
        primary key (id)
    )
2025-08-19 12:28:22 - 
    alter table if exists users 
       drop constraint if exists UK_6dotkott2kjsp8vw4d0m25fb7
Hibernate: 
    alter table if exists users 
       drop constraint if exists UK_6dotkott2kjsp8vw4d0m25fb7
2025-08-19 12:28:22 - 
    alter table if exists users 
       add constraint UK_6dotkott2kjsp8vw4d0m25fb7 unique (email)
Hibernate: 
    alter table if exists users 
       add constraint UK_6dotkott2kjsp8vw4d0m25fb7 unique (email)
2025-08-19 12:28:22 - 
    alter table if exists options 
       add constraint FK5bmv46so2y5igt9o9n9w4fh6y 
       foreign key (question_id) 
       references questions
Hibernate: 
    alter table if exists options 
       add constraint FK5bmv46so2y5igt9o9n9w4fh6y 
       foreign key (question_id) 
       references questions
2025-08-19 12:28:22 - 
    alter table if exists questions 
       add constraint FKnf38uiy78c0g0tmo68btk3y0p 
       foreign key (survey_id) 
       references surveys
Hibernate: 
    alter table if exists questions 
       add constraint FKnf38uiy78c0g0tmo68btk3y0p 
       foreign key (survey_id) 
       references surveys
2025-08-19 12:28:22 - 
    alter table if exists responses 
       add constraint FKrln3foyudvklybbdl1r5dmjvy 
       foreign key (question_id) 
       references questions
Hibernate: 
    alter table if exists responses 
       add constraint FKrln3foyudvklybbdl1r5dmjvy 
       foreign key (question_id) 
       references questions
2025-08-19 12:28:22 - 
    alter table if exists responses 
       add constraint FKod6laf0uvo4yrodaffgw94npl 
       foreign key (selected_option_id) 
       references options
Hibernate: 
    alter table if exists responses 
       add constraint FKod6laf0uvo4yrodaffgw94npl 
       foreign key (selected_option_id) 
       references options
2025-08-19 12:28:22 - 
    alter table if exists responses 
       add constraint FKemug20qu5fygiy69wj7sel8hc 
       foreign key (survey_id) 
       references surveys
Hibernate: 
    alter table if exists responses 
       add constraint FKemug20qu5fygiy69wj7sel8hc 
       foreign key (survey_id) 
       references surveys
2025-08-19 12:28:22 - 
    alter table if exists responses 
       add constraint FKqf8rt9h0wd5pmaxouhxqsoeuq 
       foreign key (user_id) 
       references users
Hibernate: 
    alter table if exists responses 
       add constraint FKqf8rt9h0wd5pmaxouhxqsoeuq 
       foreign key (user_id) 
       references users
2025-08-19 12:28:22 - 
    alter table if exists surveys 
       add constraint FKmhdag0nvyijsstepqla40tc6b 
       foreign key (creator_id) 
       references users
Hibernate: 
    alter table if exists surveys 
       add constraint FKmhdag0nvyijsstepqla40tc6b 
       foreign key (creator_id) 
       references users
2025-08-19 12:28:22 - Initialized JPA EntityManagerFactory for persistence unit 'default'
2025-08-19 12:28:22 - Hibernate is in classpath; If applicable, HQL parser will be used.
2025-08-19 12:28:23 - Filter 'jwtAuthenticationFilter' configured for use
2025-08-19 12:28:23 - spring.jpa.open-in-view is enabled by default. Therefore, database queries may be performed during view rendering. Explicitly configure spring.jpa.open-in-view to disable this warning
2025-08-19 12:28:23 - Will secure any request with [org.springframework.security.web.session.DisableEncodeUrlFilter@379ddfda, org.springframework.security.web.context.request.async.WebAsyncManagerIntegrationFilter@9dc9aa4, org.springframework.security.web.context.SecurityContextHolderFilter@7d99846f, org.springframework.security.web.header.HeaderWriterFilter@7aa5de8c, org.springframework.web.filter.CorsFilter@7e6c990f, org.springframework.security.web.authentication.logout.LogoutFilter@9730004, com.anket.security.JwtAuthenticationFilter@5a52b5f8, org.springframework.security.web.savedrequest.RequestCacheAwareFilter@30d72c00, org.springframework.security.web.servletapi.SecurityContextHolderAwareRequestFilter@23a9780b, org.springframework.security.web.authentication.AnonymousAuthenticationFilter@5f2383a0, org.springframework.security.web.session.SessionManagementFilter@5d22dd52, org.springframework.security.web.access.ExceptionTranslationFilter@511d31a6, org.springframework.security.web.access.intercept.AuthorizationFilter@4bdea421]
2025-08-19 12:28:23 - 20 mappings in 'requestMappingHandlerMapping'
2025-08-19 12:28:23 - Patterns [/webjars/**, /**] in 'resourceHandlerMapping'
2025-08-19 12:28:23 - ControllerAdvice beans: 0 @ModelAttribute, 0 @InitBinder, 1 RequestBodyAdvice, 1 ResponseBodyAdvice
2025-08-19 12:28:23 - ControllerAdvice beans: 0 @ExceptionHandler, 1 ResponseBodyAdvice
2025-08-19 12:28:23 - Tomcat started on port 8080 (http) with context path '/api'
2025-08-19 12:28:23 - Started AnketApplication in 3.357 seconds (process running for 3.538)
🚀 Anket Uygulaması Başlatıldı! - Survey Application Started!
📊 API Endpoint: http://localhost:8080/api
🔒 Admin Panel: http://localhost:8080/api/admin
2025-08-19 12:28:58 - Initializing Spring DispatcherServlet 'dispatcherServlet'
2025-08-19 12:28:58 - Initializing Servlet 'dispatcherServlet'
2025-08-19 12:28:58 - Detected StandardServletMultipartResolver
2025-08-19 12:28:58 - Detected AcceptHeaderLocaleResolver
2025-08-19 12:28:58 - Detected FixedThemeResolver
2025-08-19 12:28:58 - Detected org.springframework.web.servlet.view.DefaultRequestToViewNameTranslator@548051d7
2025-08-19 12:28:58 - Detected org.springframework.web.servlet.support.SessionFlashMapManager@188f4ec3
2025-08-19 12:28:58 - enableLoggingRequestDetails='false': request parameters and headers will be masked to prevent unsafe logging of potentially sensitive data
2025-08-19 12:28:58 - Completed initialization in 1 ms
2025-08-19 12:28:58 - Trying to match request against DefaultSecurityFilterChain [RequestMatcher=any request, Filters=[org.springframework.security.web.session.DisableEncodeUrlFilter@379ddfda, org.springframework.security.web.context.request.async.WebAsyncManagerIntegrationFilter@9dc9aa4, org.springframework.security.web.context.SecurityContextHolderFilter@7d99846f, org.springframework.security.web.header.HeaderWriterFilter@7aa5de8c, org.springframework.web.filter.CorsFilter@7e6c990f, org.springframework.security.web.authentication.logout.LogoutFilter@9730004, com.anket.security.JwtAuthenticationFilter@5a52b5f8, org.springframework.security.web.savedrequest.RequestCacheAwareFilter@30d72c00, org.springframework.security.web.servletapi.SecurityContextHolderAwareRequestFilter@23a9780b, org.springframework.security.web.authentication.AnonymousAuthenticationFilter@5f2383a0, org.springframework.security.web.session.SessionManagementFilter@5d22dd52, org.springframework.security.web.access.ExceptionTranslationFilter@511d31a6, org.springframework.security.web.access.intercept.AuthorizationFilter@4bdea421]] (1/1)
2025-08-19 12:28:58 - Securing GET /simple
2025-08-19 12:28:58 - Invoking DisableEncodeUrlFilter (1/13)
2025-08-19 12:28:58 - Invoking WebAsyncManagerIntegrationFilter (2/13)
2025-08-19 12:28:58 - Invoking SecurityContextHolderFilter (3/13)
2025-08-19 12:28:58 - Invoking HeaderWriterFilter (4/13)
2025-08-19 12:28:58 - Invoking CorsFilter (5/13)
2025-08-19 12:28:58 - Invoking LogoutFilter (6/13)
2025-08-19 12:28:58 - Did not match request to Or [Ant [pattern='/logout', GET], Ant [pattern='/logout', POST], Ant [pattern='/logout', PUT], Ant [pattern='/logout', DELETE]]
2025-08-19 12:28:58 - Invoking JwtAuthenticationFilter (7/13)
2025-08-19 12:28:58 - Invoking RequestCacheAwareFilter (8/13)
2025-08-19 12:28:58 - Invoking SecurityContextHolderAwareRequestFilter (9/13)
2025-08-19 12:28:58 - Invoking AnonymousAuthenticationFilter (10/13)
2025-08-19 12:28:58 - Invoking SessionManagementFilter (11/13)
2025-08-19 12:28:58 - Created SecurityContextImpl [Null authentication]
2025-08-19 12:28:58 - Set SecurityContextHolder to AnonymousAuthenticationToken [Principal=anonymousUser, Credentials=[PROTECTED], Authenticated=true, Details=WebAuthenticationDetails [RemoteIpAddress=0:0:0:0:0:0:0:1, SessionId=null], Granted Authorities=[ROLE_ANONYMOUS]]
2025-08-19 12:28:58 - Invoking ExceptionTranslationFilter (12/13)
2025-08-19 12:28:58 - Invoking AuthorizationFilter (13/13)
2025-08-19 12:28:58 - Authorizing SecurityContextHolderAwareRequestWrapper[ org.springframework.security.web.header.HeaderWriterFilter$HeaderWriterRequest@69dec291]
2025-08-19 12:28:58 - Checking authorization on SecurityContextHolderAwareRequestWrapper[ org.springframework.security.web.header.HeaderWriterFilter$HeaderWriterRequest@69dec291] using org.springframework.security.config.annotation.web.configurers.AuthorizeHttpRequestsConfigurer$$Lambda/0x00000070017ab838@33151a45
2025-08-19 12:28:58 - Secured GET /simple
2025-08-19 12:28:58 - GET "/api/simple", parameters={}
2025-08-19 12:28:58 - Mapped to com.anket.SimpleController#simple()
2025-08-19 12:28:58 - Using 'text/plain', given [*/*] and supported [text/plain, */*, application/json, application/*+json]
2025-08-19 12:28:58 - Writing ["It works!"]
2025-08-19 12:28:58 - Not injecting HSTS header since it did not match request to [Is Secure]
2025-08-19 12:28:58 - Completed 200 OK
2025-08-19 12:29:11 - Trying to match request against DefaultSecurityFilterChain [RequestMatcher=any request, Filters=[org.springframework.security.web.session.DisableEncodeUrlFilter@379ddfda, org.springframework.security.web.context.request.async.WebAsyncManagerIntegrationFilter@9dc9aa4, org.springframework.security.web.context.SecurityContextHolderFilter@7d99846f, org.springframework.security.web.header.HeaderWriterFilter@7aa5de8c, org.springframework.web.filter.CorsFilter@7e6c990f, org.springframework.security.web.authentication.logout.LogoutFilter@9730004, com.anket.security.JwtAuthenticationFilter@5a52b5f8, org.springframework.security.web.savedrequest.RequestCacheAwareFilter@30d72c00, org.springframework.security.web.servletapi.SecurityContextHolderAwareRequestFilter@23a9780b, org.springframework.security.web.authentication.AnonymousAuthenticationFilter@5f2383a0, org.springframework.security.web.session.SessionManagementFilter@5d22dd52, org.springframework.security.web.access.ExceptionTranslationFilter@511d31a6, org.springframework.security.web.access.intercept.AuthorizationFilter@4bdea421]] (1/1)
2025-08-19 12:29:11 - Securing GET /health
2025-08-19 12:29:11 - Invoking DisableEncodeUrlFilter (1/13)
2025-08-19 12:29:11 - Invoking WebAsyncManagerIntegrationFilter (2/13)
2025-08-19 12:29:11 - Invoking SecurityContextHolderFilter (3/13)
2025-08-19 12:29:11 - Invoking HeaderWriterFilter (4/13)
2025-08-19 12:29:11 - Invoking CorsFilter (5/13)
2025-08-19 12:29:11 - Invoking LogoutFilter (6/13)
2025-08-19 12:29:11 - Did not match request to Or [Ant [pattern='/logout', GET], Ant [pattern='/logout', POST], Ant [pattern='/logout', PUT], Ant [pattern='/logout', DELETE]]
2025-08-19 12:29:11 - Invoking JwtAuthenticationFilter (7/13)
2025-08-19 12:29:11 - Invoking RequestCacheAwareFilter (8/13)
2025-08-19 12:29:11 - Invoking SecurityContextHolderAwareRequestFilter (9/13)
2025-08-19 12:29:11 - Invoking AnonymousAuthenticationFilter (10/13)
2025-08-19 12:29:11 - Invoking SessionManagementFilter (11/13)
2025-08-19 12:29:11 - Created SecurityContextImpl [Null authentication]
2025-08-19 12:29:11 - Set SecurityContextHolder to AnonymousAuthenticationToken [Principal=anonymousUser, Credentials=[PROTECTED], Authenticated=true, Details=WebAuthenticationDetails [RemoteIpAddress=0:0:0:0:0:0:0:1, SessionId=null], Granted Authorities=[ROLE_ANONYMOUS]]
2025-08-19 12:29:11 - Invoking ExceptionTranslationFilter (12/13)
2025-08-19 12:29:11 - Invoking AuthorizationFilter (13/13)
2025-08-19 12:29:11 - Authorizing SecurityContextHolderAwareRequestWrapper[ org.springframework.security.web.header.HeaderWriterFilter$HeaderWriterRequest@525094c4]
2025-08-19 12:29:11 - Checking authorization on SecurityContextHolderAwareRequestWrapper[ org.springframework.security.web.header.HeaderWriterFilter$HeaderWriterRequest@525094c4] using org.springframework.security.config.annotation.web.configurers.AuthorizeHttpRequestsConfigurer$$Lambda/0x00000070017ab838@33151a45
2025-08-19 12:29:11 - Secured GET /health
2025-08-19 12:29:11 - GET "/api/health", parameters={}
2025-08-19 12:29:11 - Mapped to com.anket.HealthController#health()
2025-08-19 12:29:11 - Using 'application/json', given [*/*] and supported [application/json, application/*+json]
2025-08-19 12:29:11 - Writing [{message=Backend is running! 🎉, status=UP, timestamp=1755595751301}]
2025-08-19 12:29:11 - Not injecting HSTS header since it did not match request to [Is Secure]
2025-08-19 12:29:11 - Completed 200 OK
2025-08-19 12:30:00 - Closing JPA EntityManagerFactory for persistence unit 'default'
2025-08-19 12:30:00 - HikariPool-1 - Shutdown initiated...
2025-08-19 12:30:00 - HikariPool-1 - Shutdown completed.
