WARNING: A terminally deprecated method in sun.misc.Unsafe has been called
WARNING: sun.misc.Unsafe::staticFieldBase has been called by com.google.inject.internal.aop.HiddenClassDefiner (file:/opt/homebrew/Cellar/maven/3.9.11/libexec/lib/guice-5.1.0-classes.jar)
WARNING: Please consider reporting this to the maintainers of class com.google.inject.internal.aop.HiddenClassDefiner
WARNING: sun.misc.Unsafe::staticFieldBase will be removed in a future release
[INFO] Scanning for projects...
[INFO] 
[INFO] ----------------------< com.anket:anket-backend >-----------------------
[INFO] Building Anket Backend 1.0.0
[INFO]   from pom.xml
[INFO] --------------------------------[ jar ]---------------------------------
[INFO] 
[INFO] >>> spring-boot:3.2.0:run (default-cli) > test-compile @ anket-backend >>>
[INFO] 
[INFO] --- resources:3.3.1:resources (default-resources) @ anket-backend ---
[INFO] Copying 1 resource from src/main/resources to target/classes
[INFO] Copying 0 resource from src/main/resources to target/classes
[INFO] 
[INFO] --- compiler:3.11.0:compile (default-compile) @ anket-backend ---
[INFO] Nothing to compile - all classes are up to date
[INFO] 
[INFO] --- resources:3.3.1:testResources (default-testResources) @ anket-backend ---
[INFO] skip non existing resourceDirectory /Users/umuthasansahin/Desktop/anket/backend/src/test/resources
[INFO] 
[INFO] --- compiler:3.11.0:testCompile (default-testCompile) @ anket-backend ---
[INFO] No sources to compile
[INFO] 
[INFO] <<< spring-boot:3.2.0:run (default-cli) < test-compile @ anket-backend <<<
[INFO] 
[INFO] 
[INFO] --- spring-boot:3.2.0:run (default-cli) @ anket-backend ---
[INFO] Attaching agents: []

  .   ____          _            __ _ _
 /\\ / ___'_ __ _ _(_)_ __  __ _ \ \ \ \
( ( )\___ | '_ | '_| | '_ \/ _` | \ \ \ \
 \\/  ___)| |_)| | | | | || (_| |  ) ) ) )
  '  |____| .__|_| |_|_| |_\__, | / / / /
 =========|_|==============|___/=/_/_/_/
[32m :: Spring Boot :: [39m              [2m (v3.2.0)[0;39m

2025-08-19 12:20:16 - Starting AnketApplication using Java 24.0.1 with PID 437 (/Users/umuthasansahin/Desktop/anket/backend/target/classes started by umuthasansahin in /Users/umuthasansahin/Desktop/anket/backend)
2025-08-19 12:20:16 - Running with Spring Boot v3.2.0, Spring v6.1.1
2025-08-19 12:20:16 - No active profile set, falling back to 1 default profile: "default"
2025-08-19 12:20:16 - Bootstrapping Spring Data JPA repositories in DEFAULT mode.
2025-08-19 12:20:16 - Finished Spring Data repository scanning in 26 ms. Found 2 JPA repository interfaces.
WARNING: A restricted method in java.lang.System has been called
WARNING: java.lang.System::load has been called by org.apache.tomcat.jni.Library in an unnamed module (file:/Users/umuthasansahin/.m2/repository/org/apache/tomcat/embed/tomcat-embed-core/10.1.16/tomcat-embed-core-10.1.16.jar)
WARNING: Use --enable-native-access=ALL-UNNAMED to avoid a warning for callers in this module
WARNING: Restricted methods will be blocked in a future release unless native access is enabled

2025-08-19 12:20:16 - Tomcat initialized with port 8080 (http)
2025-08-19 12:20:16 - Starting service [Tomcat]
2025-08-19 12:20:16 - Starting Servlet engine: [Apache Tomcat/10.1.16]
2025-08-19 12:20:16 - Initializing Spring embedded WebApplicationContext
2025-08-19 12:20:16 - Root WebApplicationContext: initialization completed in 704 ms
2025-08-19 12:20:17 - HikariPool-1 - Starting...
2025-08-19 12:20:17 - HikariPool-1 - Added connection conn0: url=jdbc:h2:mem:anket_db user=SA
2025-08-19 12:20:17 - HikariPool-1 - Start completed.
2025-08-19 12:20:17 - H2 console available at '/h2-console'. Database available at 'jdbc:h2:mem:anket_db'
2025-08-19 12:20:17 - HHH000204: Processing PersistenceUnitInfo [name: default]
2025-08-19 12:20:17 - HHH000412: Hibernate ORM core version 6.3.1.Final
2025-08-19 12:20:17 - HHH000026: Second-level cache disabled
2025-08-19 12:20:17 - No LoadTimeWeaver setup: ignoring JPA class transformer
2025-08-19 12:20:17 - HHH90000025: H2Dialect does not need to be specified explicitly using 'hibernate.dialect' (remove the property setting and it will be selected by default)
2025-08-19 12:20:17 - HHH000489: No JTA platform available (set 'hibernate.transaction.jta.platform' to enable JTA platform integration)
2025-08-19 12:20:17 - 
    create table options (
        id bigint generated by default as identity,
        created_date timestamp(6),
        is_active boolean not null,
        last_modified_date timestamp(6),
        description varchar(300),
        is_correct boolean not null,
        option_label varchar(5),
        option_text varchar(200) not null,
        order_index integer not null,
        question_id bigint not null,
        primary key (id)
    )
Hibernate: 
    create table options (
        id bigint generated by default as identity,
        created_date timestamp(6),
        is_active boolean not null,
        last_modified_date timestamp(6),
        description varchar(300),
        is_correct boolean not null,
        option_label varchar(5),
        option_text varchar(200) not null,
        order_index integer not null,
        question_id bigint not null,
        primary key (id)
    )
2025-08-19 12:20:17 - 
    create table questions (
        id bigint generated by default as identity,
        created_date timestamp(6),
        is_active boolean not null,
        last_modified_date timestamp(6),
        description varchar(300),
        is_required boolean not null,
        order_index integer not null,
        question_text varchar(500) not null,
        question_type varchar(255) not null check (question_type in ('MULTIPLE_CHOICE','MULTIPLE_SELECT','TEXT_INPUT','NUMERIC_INPUT','RATING_SCALE')),
        survey_id bigint not null,
        primary key (id)
    )
Hibernate: 
    create table questions (
        id bigint generated by default as identity,
        created_date timestamp(6),
        is_active boolean not null,
        last_modified_date timestamp(6),
        description varchar(300),
        is_required boolean not null,
        order_index integer not null,
        question_text varchar(500) not null,
        question_type varchar(255) not null check (question_type in ('MULTIPLE_CHOICE','MULTIPLE_SELECT','TEXT_INPUT','NUMERIC_INPUT','RATING_SCALE')),
        survey_id bigint not null,
        primary key (id)
    )
2025-08-19 12:20:17 - 
    create table responses (
        id bigint generated by default as identity,
        created_date timestamp(6),
        is_active boolean not null,
        last_modified_date timestamp(6),
        ip_address varchar(45),
        numeric_response float(53),
        response_date timestamp(6) not null,
        session_id varchar(100),
        text_response varchar(1000),
        user_agent varchar(500),
        question_id bigint not null,
        selected_option_id bigint,
        survey_id bigint not null,
        user_id bigint,
        primary key (id)
    )
Hibernate: 
    create table responses (
        id bigint generated by default as identity,
        created_date timestamp(6),
        is_active boolean not null,
        last_modified_date timestamp(6),
        ip_address varchar(45),
        numeric_response float(53),
        response_date timestamp(6) not null,
        session_id varchar(100),
        text_response varchar(1000),
        user_agent varchar(500),
        question_id bigint not null,
        selected_option_id bigint,
        survey_id bigint not null,
        user_id bigint,
        primary key (id)
    )
2025-08-19 12:20:17 - 
    create table surveys (
        id bigint generated by default as identity,
        created_date timestamp(6),
        is_active boolean not null,
        last_modified_date timestamp(6),
        allow_multiple_responses boolean not null,
        description varchar(1000),
        end_date timestamp(6),
        is_anonymous boolean not null,
        start_date timestamp(6),
        status varchar(255) not null check (status in ('DRAFT','ACTIVE','CLOSED')),
        title varchar(200) not null,
        creator_id bigint not null,
        primary key (id)
    )
Hibernate: 
    create table surveys (
        id bigint generated by default as identity,
        created_date timestamp(6),
        is_active boolean not null,
        last_modified_date timestamp(6),
        allow_multiple_responses boolean not null,
        description varchar(1000),
        end_date timestamp(6),
        is_anonymous boolean not null,
        start_date timestamp(6),
        status varchar(255) not null check (status in ('DRAFT','ACTIVE','CLOSED')),
        title varchar(200) not null,
        creator_id bigint not null,
        primary key (id)
    )
2025-08-19 12:20:17 - 
    create table users (
        id bigint generated by default as identity,
        created_date timestamp(6),
        is_active boolean not null,
        last_modified_date timestamp(6),
        email varchar(100) not null,
        first_name varchar(50) not null,
        last_name varchar(50) not null,
        password varchar(255) not null,
        role varchar(255) not null check (role in ('USER','ADMIN')),
        primary key (id)
    )
Hibernate: 
    create table users (
        id bigint generated by default as identity,
        created_date timestamp(6),
        is_active boolean not null,
        last_modified_date timestamp(6),
        email varchar(100) not null,
        first_name varchar(50) not null,
        last_name varchar(50) not null,
        password varchar(255) not null,
        role varchar(255) not null check (role in ('USER','ADMIN')),
        primary key (id)
    )
2025-08-19 12:20:17 - 
    alter table if exists users 
       drop constraint if exists UK_6dotkott2kjsp8vw4d0m25fb7
Hibernate: 
    alter table if exists users 
       drop constraint if exists UK_6dotkott2kjsp8vw4d0m25fb7
2025-08-19 12:20:17 - 
    alter table if exists users 
       add constraint UK_6dotkott2kjsp8vw4d0m25fb7 unique (email)
Hibernate: 
    alter table if exists users 
       add constraint UK_6dotkott2kjsp8vw4d0m25fb7 unique (email)
2025-08-19 12:20:17 - 
    alter table if exists options 
       add constraint FK5bmv46so2y5igt9o9n9w4fh6y 
       foreign key (question_id) 
       references questions
Hibernate: 
    alter table if exists options 
       add constraint FK5bmv46so2y5igt9o9n9w4fh6y 
       foreign key (question_id) 
       references questions
2025-08-19 12:20:17 - 
    alter table if exists questions 
       add constraint FKnf38uiy78c0g0tmo68btk3y0p 
       foreign key (survey_id) 
       references surveys
Hibernate: 
    alter table if exists questions 
       add constraint FKnf38uiy78c0g0tmo68btk3y0p 
       foreign key (survey_id) 
       references surveys
2025-08-19 12:20:17 - 
    alter table if exists responses 
       add constraint FKrln3foyudvklybbdl1r5dmjvy 
       foreign key (question_id) 
       references questions
Hibernate: 
    alter table if exists responses 
       add constraint FKrln3foyudvklybbdl1r5dmjvy 
       foreign key (question_id) 
       references questions
2025-08-19 12:20:17 - 
    alter table if exists responses 
       add constraint FKod6laf0uvo4yrodaffgw94npl 
       foreign key (selected_option_id) 
       references options
Hibernate: 
    alter table if exists responses 
       add constraint FKod6laf0uvo4yrodaffgw94npl 
       foreign key (selected_option_id) 
       references options
2025-08-19 12:20:17 - 
    alter table if exists responses 
       add constraint FKemug20qu5fygiy69wj7sel8hc 
       foreign key (survey_id) 
       references surveys
Hibernate: 
    alter table if exists responses 
       add constraint FKemug20qu5fygiy69wj7sel8hc 
       foreign key (survey_id) 
       references surveys
2025-08-19 12:20:17 - 
    alter table if exists responses 
       add constraint FKqf8rt9h0wd5pmaxouhxqsoeuq 
       foreign key (user_id) 
       references users
Hibernate: 
    alter table if exists responses 
       add constraint FKqf8rt9h0wd5pmaxouhxqsoeuq 
       foreign key (user_id) 
       references users
2025-08-19 12:20:17 - 
    alter table if exists surveys 
       add constraint FKmhdag0nvyijsstepqla40tc6b 
       foreign key (creator_id) 
       references users
Hibernate: 
    alter table if exists surveys 
       add constraint FKmhdag0nvyijsstepqla40tc6b 
       foreign key (creator_id) 
       references users
2025-08-19 12:20:17 - Initialized JPA EntityManagerFactory for persistence unit 'default'
2025-08-19 12:20:18 - Hibernate is in classpath; If applicable, HQL parser will be used.
2025-08-19 12:20:18 - Filter 'jwtAuthenticationFilter' configured for use
2025-08-19 12:20:18 - spring.jpa.open-in-view is enabled by default. Therefore, database queries may be performed during view rendering. Explicitly configure spring.jpa.open-in-view to disable this warning
2025-08-19 12:20:18 - Will secure any request with [org.springframework.security.web.session.DisableEncodeUrlFilter@34453e71, org.springframework.security.web.context.request.async.WebAsyncManagerIntegrationFilter@7d4f8b15, org.springframework.security.web.context.SecurityContextHolderFilter@5f2383a0, org.springframework.security.web.header.HeaderWriterFilter@2f49d34d, org.springframework.web.filter.CorsFilter@28c319a2, org.springframework.security.web.authentication.logout.LogoutFilter@72464f26, com.anket.security.JwtAuthenticationFilter@ec9f91b, org.springframework.security.web.savedrequest.RequestCacheAwareFilter@6bfd574c, org.springframework.security.web.servletapi.SecurityContextHolderAwareRequestFilter@71c31fdd, org.springframework.security.web.authentication.AnonymousAuthenticationFilter@23cd4444, org.springframework.security.web.session.SessionManagementFilter@379ddfda, org.springframework.security.web.access.ExceptionTranslationFilter@45970ee8, org.springframework.security.web.access.intercept.AuthorizationFilter@5543800c]
2025-08-19 12:20:18 - 18 mappings in 'requestMappingHandlerMapping'
2025-08-19 12:20:18 - Patterns [/webjars/**, /**] in 'resourceHandlerMapping'
2025-08-19 12:20:18 - ControllerAdvice beans: 0 @ModelAttribute, 0 @InitBinder, 1 RequestBodyAdvice, 1 ResponseBodyAdvice
2025-08-19 12:20:18 - ControllerAdvice beans: 0 @ExceptionHandler, 1 ResponseBodyAdvice
2025-08-19 12:20:19 - Exception encountered during context initialization - cancelling refresh attempt: org.springframework.context.ApplicationContextException: Failed to start bean 'webServerStartStop'
2025-08-19 12:20:19 - Closing JPA EntityManagerFactory for persistence unit 'default'
2025-08-19 12:20:19 - HikariPool-1 - Shutdown initiated...
2025-08-19 12:20:19 - HikariPool-1 - Shutdown completed.
2025-08-19 12:20:19 - 

Error starting ApplicationContext. To display the condition evaluation report re-run your application with 'debug' enabled.
2025-08-19 12:20:19 - 

***************************
APPLICATION FAILED TO START
***************************

Description:

Web server failed to start. Port 8080 was already in use.

Action:

Identify and stop the process that's listening on port 8080 or configure this application to listen on another port.

[INFO] ------------------------------------------------------------------------
[INFO] BUILD FAILURE
[INFO] ------------------------------------------------------------------------
[INFO] Total time:  4.155 s
[INFO] Finished at: 2025-08-19T12:20:19+03:00
[INFO] ------------------------------------------------------------------------
[ERROR] Failed to execute goal org.springframework.boot:spring-boot-maven-plugin:3.2.0:run (default-cli) on project anket-backend: Process terminated with exit code: 1 -> [Help 1]
[ERROR] 
[ERROR] To see the full stack trace of the errors, re-run Maven with the -e switch.
[ERROR] Re-run Maven using the -X switch to enable full debug logging.
[ERROR] 
[ERROR] For more information about the errors and possible solutions, please read the following articles:
[ERROR] [Help 1] http://cwiki.apache.org/confluence/display/MAVEN/MojoExecutionException
